SF:lib/common/exception.dart
DA:6,4
LF:1
LH:1
end_of_record
SF:lib/common/urls.dart
DA:9,2
DA:10,1
DA:11,1
DA:12,1
DA:13,1
DA:19,2
DA:20,1
DA:21,1
DA:22,1
DA:23,1
DA:24,1
DA:25,1
DA:29,4
DA:30,1
DA:31,1
DA:32,1
DA:33,1
LF:17
LH:17
end_of_record
SF:lib/data/datasources/tv_remote_data_source.dart
DA:28,1
DA:31,1
DA:32,4
DA:34,2
DA:35,4
DA:37,1
DA:42,1
DA:43,4
DA:45,2
DA:46,4
DA:48,1
DA:53,1
DA:54,4
DA:56,2
DA:57,4
DA:59,1
DA:64,1
DA:65,5
DA:67,2
DA:68,3
DA:70,1
DA:75,1
DA:79,3
DA:80,2
DA:83,2
DA:84,3
DA:85,1
DA:87,1
DA:92,1
DA:93,5
DA:95,2
DA:96,4
DA:98,1
DA:103,1
DA:104,5
DA:106,2
DA:107,4
DA:109,1
DA:114,1
DA:115,5
DA:117,2
DA:118,3
DA:120,1
LF:43
LH:43
end_of_record
SF:lib/data/models/media_image_model.dart
DA:10,5
DA:17,3
DA:18,3
DA:19,3
DA:20,3
DA:21,12
DA:23,3
DA:24,12
DA:26,3
DA:27,12
DA:31,6
DA:32,3
DA:33,3
DA:34,3
DA:35,3
DA:38,3
DA:39,3
DA:40,3
DA:41,3
DA:42,3
DA:43,3
LF:21
LH:21
end_of_record
SF:lib/data/models/tv_detail_response.dart
DA:18,3
DA:32,2
DA:33,2
DA:34,2
DA:35,8
DA:36,2
DA:37,2
DA:38,8
DA:39,2
DA:40,2
DA:41,2
DA:42,2
DA:43,2
DA:44,2
DA:45,2
DA:48,2
DA:49,1
DA:50,4
DA:51,1
DA:52,5
DA:53,1
DA:54,1
DA:55,1
DA:56,1
DA:57,1
DA:58,1
DA:59,1
DA:62,4
DA:63,2
DA:64,2
DA:65,2
DA:66,10
DA:67,2
DA:68,2
DA:69,2
DA:70,2
DA:71,2
DA:72,2
DA:73,2
DA:76,2
DA:77,2
DA:78,2
DA:79,2
DA:80,2
DA:81,2
DA:82,2
DA:83,2
DA:84,2
DA:85,2
DA:86,2
DA:87,2
DA:88,2
LF:52
LH:52
end_of_record
SF:lib/data/models/tv_response.dart
DA:7,2
DA:9,4
DA:10,4
DA:11,6
DA:12,4
DA:13,4
DA:16,2
DA:17,5
DA:20,1
DA:21,2
LF:10
LH:10
end_of_record
SF:lib/data/models/tv_season_episode_response.dart
DA:7,2
DA:11,2
DA:12,2
DA:13,4
DA:14,6
DA:15,6
DA:18,2
DA:19,5
DA:22,1
DA:23,1
DA:24,1
LF:11
LH:11
end_of_record
SF:lib/common/failure.dart
DA:6,17
DA:8,2
DA:9,4
DA:13,30
DA:17,4
DA:21,12
LF:6
LH:6
end_of_record
SF:lib/data/datasources/db/database_helper.dart
DA:9,0
DA:13,0
DA:17,0
DA:19,0
DA:27,0
DA:28,0
DA:29,0
DA:31,0
DA:35,0
DA:36,0
DA:45,0
DA:46,0
DA:55,0
DA:58,0
DA:59,0
DA:60,0
DA:63,0
DA:64,0
DA:65,0
DA:68,0
DA:69,0
DA:70,0
DA:73,0
DA:77,0
DA:78,0
DA:79,0
DA:82,0
DA:86,0
DA:87,0
DA:88,0
DA:91,0
DA:94,0
DA:95,0
DA:101,0
DA:102,0
DA:103,0
DA:106,0
DA:109,0
DA:110,0
DA:116,0
DA:117,0
DA:119,0
DA:124,0
DA:125,0
DA:127,0
LF:45
LH:0
end_of_record
SF:lib/data/datasources/movie_local_data_source.dart
DA:15,1
DA:18,1
DA:20,3
DA:23,2
DA:28,1
DA:30,3
DA:33,2
DA:38,1
DA:39,3
DA:41,1
DA:48,1
DA:49,3
DA:50,4
LF:13
LH:13
end_of_record
SF:lib/data/datasources/movie_remote_data_source.dart
DA:24,1
DA:27,1
DA:28,4
DA:30,2
DA:31,4
DA:33,1
DA:38,1
DA:39,4
DA:41,2
DA:42,4
DA:44,1
DA:49,1
DA:50,4
DA:52,2
DA:53,4
DA:55,1
DA:60,1
DA:61,5
DA:63,2
DA:64,3
DA:66,1
DA:71,1
DA:72,5
DA:74,2
DA:75,4
DA:77,1
DA:82,1
DA:83,5
DA:85,2
DA:86,4
DA:88,1
DA:93,1
DA:94,5
DA:96,2
DA:97,3
DA:99,1
LF:36
LH:36
end_of_record
SF:lib/data/datasources/tv_local_data_source.dart
DA:15,1
DA:18,1
DA:20,3
DA:23,2
DA:28,1
DA:30,3
DA:33,2
DA:38,1
DA:39,3
DA:41,1
DA:48,1
DA:49,3
DA:50,4
LF:13
LH:13
end_of_record
SF:lib/data/models/movie_detail_response.dart
DA:17,3
DA:30,2
DA:31,2
DA:32,2
DA:33,2
DA:34,8
DA:35,2
DA:36,2
DA:37,2
DA:38,2
DA:39,2
DA:40,2
DA:41,4
DA:42,2
DA:45,2
DA:46,1
DA:47,5
DA:48,1
DA:49,1
DA:50,1
DA:51,1
DA:52,1
DA:53,1
DA:54,1
DA:55,1
DA:58,4
DA:59,2
DA:60,10
DA:61,2
DA:62,2
DA:63,2
DA:64,2
DA:65,2
DA:66,2
DA:67,2
DA:68,2
DA:71,2
DA:72,2
DA:73,2
DA:74,2
DA:75,2
DA:76,2
DA:77,2
DA:78,2
DA:79,2
DA:80,2
DA:81,2
DA:82,2
LF:48
LH:48
end_of_record
SF:lib/data/models/movie_model.dart
DA:15,4
DA:27,4
DA:28,2
DA:29,8
DA:30,2
DA:31,2
DA:32,2
DA:33,2
DA:34,2
DA:35,4
DA:36,2
DA:39,2
DA:40,1
DA:41,4
DA:42,1
DA:43,1
DA:44,1
DA:45,1
DA:46,1
DA:47,1
DA:48,1
DA:51,4
DA:52,2
DA:53,2
DA:54,2
DA:55,2
DA:56,2
DA:57,2
DA:58,2
DA:59,2
DA:60,2
DA:63,2
DA:64,2
DA:65,2
DA:66,2
DA:67,2
DA:68,2
DA:69,2
DA:70,2
DA:71,2
DA:72,2
DA:73,2
LF:42
LH:42
end_of_record
SF:lib/data/models/movie_table.dart
DA:13,3
DA:22,4
DA:23,2
DA:24,2
DA:25,2
DA:26,2
DA:27,2
DA:28,2
DA:30,4
DA:31,2
DA:32,2
DA:33,2
DA:34,2
DA:35,2
DA:36,2
DA:39,2
DA:40,1
DA:41,1
DA:42,1
DA:43,1
DA:44,1
DA:45,1
DA:48,4
DA:49,2
DA:50,2
DA:51,2
DA:52,2
DA:53,2
DA:54,2
DA:57,3
DA:58,3
DA:59,3
DA:60,3
DA:61,3
DA:62,3
DA:63,3
DA:64,3
LF:37
LH:37
end_of_record
SF:lib/data/models/tv_model.dart
DA:15,4
DA:27,4
DA:28,2
DA:29,2
DA:30,8
DA:31,2
DA:32,2
DA:33,2
DA:34,2
DA:35,4
DA:36,2
DA:39,2
DA:40,1
DA:41,1
DA:42,4
DA:43,1
DA:44,1
DA:45,1
DA:46,1
DA:47,1
DA:48,1
DA:51,4
DA:52,2
DA:53,2
DA:54,2
DA:55,2
DA:56,2
DA:57,2
DA:58,2
DA:59,2
DA:60,2
DA:63,2
DA:64,2
DA:65,2
DA:66,2
DA:67,2
DA:68,2
DA:69,2
DA:70,2
DA:71,2
DA:72,2
DA:73,2
LF:42
LH:42
end_of_record
SF:lib/data/models/tv_season_episode_model.dart
DA:15,3
DA:27,2
DA:28,2
DA:29,2
DA:30,2
DA:31,2
DA:32,2
DA:33,2
DA:34,2
DA:35,2
DA:36,2
DA:37,2
DA:40,2
DA:41,1
DA:42,1
DA:43,1
DA:44,1
DA:45,1
DA:46,1
DA:47,1
DA:48,1
DA:49,1
DA:52,2
DA:53,1
DA:54,1
DA:55,1
DA:56,1
DA:57,1
DA:58,1
DA:59,1
DA:60,1
DA:61,1
DA:64,2
DA:65,2
DA:66,2
DA:67,2
DA:68,2
DA:69,2
DA:70,2
DA:71,2
DA:72,2
DA:73,2
DA:74,2
LF:43
LH:43
end_of_record
SF:lib/data/models/tv_table.dart
DA:13,2
DA:22,2
DA:23,1
DA:24,1
DA:25,1
DA:26,1
DA:27,1
DA:28,1
DA:31,2
DA:32,1
DA:33,1
DA:34,1
DA:35,1
DA:36,1
DA:37,1
DA:40,0
DA:41,0
DA:42,0
DA:43,0
DA:44,0
DA:45,0
DA:46,0
DA:49,2
DA:50,1
DA:51,1
DA:52,1
DA:53,1
DA:54,1
DA:55,1
DA:58,2
DA:59,2
DA:60,2
DA:61,2
DA:62,2
DA:63,2
DA:64,2
DA:65,2
LF:37
LH:30
end_of_record
SF:lib/domain/entities/media_image.dart
DA:9,7
DA:16,3
DA:17,15
LF:3
LH:3
end_of_record
SF:lib/domain/entities/movie.dart
DA:15,8
DA:27,3
DA:36,3
DA:37,3
DA:38,3
DA:39,3
DA:40,3
DA:41,3
DA:42,3
DA:43,3
DA:44,3
DA:45,3
DA:46,3
LF:13
LH:13
end_of_record
SF:lib/domain/entities/movie_detail.dart
DA:16,8
DA:29,2
DA:30,2
DA:31,2
DA:32,2
DA:33,2
DA:34,2
DA:35,2
DA:36,2
DA:37,2
DA:38,2
DA:39,2
LF:12
LH:12
end_of_record
SF:lib/domain/entities/tv.dart
DA:15,8
DA:27,2
DA:36,2
DA:37,2
DA:38,2
DA:39,2
DA:40,2
DA:41,2
DA:42,2
DA:43,2
DA:44,2
DA:45,2
DA:46,2
LF:13
LH:13
end_of_record
SF:lib/domain/entities/tv_detail.dart
DA:17,7
DA:31,2
DA:32,2
DA:33,2
DA:34,2
DA:35,2
DA:36,2
DA:37,2
DA:38,2
DA:39,2
DA:40,2
DA:41,2
DA:42,2
DA:43,2
LF:14
LH:14
end_of_record
SF:lib/domain/entities/tv_season_episode.dart
DA:14,2
DA:26,2
DA:27,2
DA:28,2
DA:29,2
DA:30,2
DA:31,2
DA:32,2
DA:33,2
DA:34,2
DA:35,2
DA:36,2
LF:12
LH:12
end_of_record
SF:lib/data/models/movie_response.dart
DA:7,2
DA:9,4
DA:10,4
DA:11,6
DA:12,4
DA:13,4
DA:16,2
DA:17,5
DA:20,1
DA:21,2
LF:10
LH:10
end_of_record
SF:lib/data/models/genre_model.dart
DA:8,7
DA:13,8
DA:14,4
DA:15,4
DA:18,4
DA:19,2
DA:20,2
DA:23,10
DA:24,5
DA:25,5
DA:28,4
DA:29,12
LF:12
LH:12
end_of_record
SF:lib/domain/entities/genre.dart
DA:7,14
DA:12,5
DA:13,15
LF:3
LH:3
end_of_record
SF:lib/data/repositories/movie_repository_impl.dart
DA:18,1
DA:24,1
DA:26,3
DA:27,5
DA:28,1
DA:29,2
DA:30,1
DA:31,2
DA:36,1
DA:38,3
DA:39,5
DA:40,1
DA:41,2
DA:42,1
DA:43,2
DA:48,1
DA:50,3
DA:51,5
DA:52,1
DA:53,2
DA:54,1
DA:55,2
DA:60,1
DA:62,3
DA:63,2
DA:64,1
DA:65,2
DA:66,1
DA:67,2
DA:72,1
DA:74,3
DA:75,3
DA:76,1
DA:77,2
DA:78,1
DA:79,2
DA:84,1
DA:86,3
DA:87,5
DA:88,1
DA:89,2
DA:90,1
DA:91,2
DA:96,1
DA:98,3
DA:99,2
DA:100,1
DA:101,2
DA:102,1
DA:103,2
DA:108,1
DA:111,4
DA:112,1
DA:113,1
DA:114,3
DA:121,1
DA:124,4
DA:125,1
DA:126,1
DA:127,3
DA:132,1
DA:133,3
DA:138,1
DA:139,3
DA:140,5
LF:65
LH:65
end_of_record
SF:lib/data/repositories/tv_repository_impl.dart
DA:19,1
DA:25,1
DA:27,3
DA:28,5
DA:29,1
DA:30,2
DA:31,1
DA:32,2
DA:37,1
DA:39,3
DA:40,5
DA:41,1
DA:42,2
DA:43,1
DA:44,2
DA:49,1
DA:51,3
DA:52,5
DA:53,1
DA:54,2
DA:55,1
DA:56,2
DA:61,1
DA:63,3
DA:64,2
DA:65,1
DA:66,2
DA:67,1
DA:68,2
DA:73,1
DA:79,3
DA:80,3
DA:81,1
DA:82,2
DA:83,1
DA:84,2
DA:89,1
DA:91,3
DA:92,3
DA:93,1
DA:94,2
DA:95,1
DA:96,2
DA:101,1
DA:103,3
DA:104,5
DA:105,1
DA:106,2
DA:107,1
DA:108,2
DA:113,1
DA:115,3
DA:116,2
DA:117,1
DA:118,2
DA:119,1
DA:120,2
DA:125,1
DA:128,4
DA:129,1
DA:130,1
DA:131,3
DA:138,1
DA:141,4
DA:142,1
DA:143,1
DA:144,3
DA:151,1
DA:152,3
DA:157,1
DA:158,3
DA:159,5
LF:72
LH:72
end_of_record
SF:lib/domain/usecases/get_top_rated_movies.dart
DA:9,1
DA:11,1
DA:12,2
LF:3
LH:3
end_of_record
SF:lib/domain/usecases/get_movie_images.dart
DA:9,1
DA:11,1
DA:12,2
LF:3
LH:3
end_of_record
SF:lib/domain/usecases/save_watchlist.dart
DA:12,1
DA:14,1
DA:15,2
DA:18,1
DA:19,2
LF:5
LH:5
end_of_record
SF:lib/domain/usecases/search_tvs.dart
DA:9,1
DA:11,1
DA:12,2
LF:3
LH:3
end_of_record
SF:lib/domain/usecases/get_movie_detail.dart
DA:9,1
DA:11,1
DA:12,2
LF:3
LH:3
end_of_record
SF:lib/domain/usecases/get_popular_tvs.dart
DA:9,1
DA:11,1
DA:12,2
LF:3
LH:3
end_of_record
SF:lib/domain/usecases/get_top_rated_tvs.dart
DA:9,1
DA:11,1
DA:12,2
LF:3
LH:3
end_of_record
SF:lib/domain/usecases/get_on_the_air_tvs.dart
DA:9,1
DA:11,1
DA:12,2
LF:3
LH:3
end_of_record
SF:lib/domain/usecases/search_movies.dart
DA:9,1
DA:11,1
DA:12,2
LF:3
LH:3
end_of_record
SF:lib/domain/usecases/get_movie_recommendations.dart
DA:9,1
DA:11,1
DA:12,2
LF:3
LH:3
end_of_record
SF:lib/domain/usecases/get_watchlist_movies.dart
DA:9,1
DA:11,1
DA:12,2
LF:3
LH:3
end_of_record
SF:lib/domain/usecases/get_now_playing_movies.dart
DA:9,1
DA:11,1
DA:12,2
LF:3
LH:3
end_of_record
SF:lib/domain/usecases/get_tv_recommendations.dart
DA:9,1
DA:11,1
DA:12,2
LF:3
LH:3
end_of_record
SF:lib/domain/usecases/get_watchlist_tvs.dart
DA:9,1
DA:11,1
DA:12,2
LF:3
LH:3
end_of_record
SF:lib/domain/usecases/remove_watchlist.dart
DA:12,1
DA:14,1
DA:15,2
DA:18,1
DA:19,2
LF:5
LH:5
end_of_record
SF:lib/domain/usecases/get_tv_season_episodes.dart
DA:9,1
DA:11,1
DA:12,2
LF:3
LH:3
end_of_record
SF:lib/domain/usecases/get_popular_movies.dart
DA:9,1
DA:11,1
DA:12,2
LF:3
LH:3
end_of_record
SF:lib/domain/usecases/get_tv_images.dart
DA:9,1
DA:11,1
DA:12,2
LF:3
LH:3
end_of_record
SF:lib/domain/usecases/get_tv_detail.dart
DA:9,1
DA:11,1
DA:12,2
LF:3
LH:3
end_of_record
SF:lib/domain/usecases/get_watchlist_status.dart
DA:8,1
DA:13,1
DA:14,2
DA:17,1
DA:18,2
LF:5
LH:5
end_of_record
SF:lib/presentation/provider/movie_detail_notifier.dart
DA:22,1
DA:31,2
DA:34,2
DA:37,2
DA:40,2
DA:43,2
DA:46,2
DA:49,2
DA:51,1
DA:52,1
DA:53,1
DA:55,3
DA:56,3
DA:57,1
DA:58,1
DA:59,1
DA:60,2
DA:61,1
DA:63,1
DA:64,1
DA:65,1
DA:66,1
DA:67,1
DA:68,1
DA:69,1
DA:70,2
DA:72,1
DA:73,1
DA:74,1
DA:77,1
DA:78,1
DA:83,1
DA:84,3
DA:86,2
DA:87,1
DA:88,2
DA:90,1
DA:91,1
DA:95,3
DA:98,1
DA:99,3
DA:101,2
DA:102,0
DA:103,0
DA:105,1
DA:106,1
DA:110,3
DA:113,1
DA:114,3
DA:115,1
DA:116,1
LF:51
LH:49
end_of_record
SF:lib/common/state_enum.dart
DA:1,21
DA:2,21
LF:2
LH:2
end_of_record
SF:lib/presentation/provider/tv_season_episodes_notifier.dart
DA:9,1
DA:12,2
DA:15,2
DA:18,2
DA:20,1
DA:21,1
DA:22,1
DA:25,3
DA:27,1
DA:28,1
DA:29,1
DA:30,2
DA:31,1
DA:33,1
DA:34,1
DA:35,1
DA:36,1
LF:17
LH:17
end_of_record
SF:lib/presentation/provider/watchlist_movie_notifier.dart
DA:8,2
DA:11,2
DA:14,2
DA:16,1
DA:20,1
DA:21,1
DA:22,1
DA:24,3
DA:25,1
DA:26,1
DA:27,1
DA:28,2
DA:29,1
DA:31,1
DA:32,1
DA:33,1
DA:34,1
LF:17
LH:17
end_of_record
SF:lib/presentation/provider/tv_list_notifier.dart
DA:10,2
DA:13,2
DA:16,2
DA:19,2
DA:22,2
DA:25,2
DA:28,2
DA:34,1
DA:40,1
DA:41,1
DA:42,1
DA:44,3
DA:45,1
DA:46,1
DA:47,1
DA:48,2
DA:49,1
DA:51,1
DA:52,1
DA:53,1
DA:54,1
DA:59,1
DA:60,1
DA:61,1
DA:63,3
DA:64,1
DA:65,1
DA:66,1
DA:67,2
DA:68,1
DA:70,1
DA:71,1
DA:72,1
DA:73,1
DA:78,1
DA:79,1
DA:80,1
DA:82,3
DA:83,1
DA:84,1
DA:85,1
DA:86,2
DA:87,1
DA:89,1
DA:90,1
DA:91,1
DA:92,1
LF:47
LH:47
end_of_record
SF:lib/presentation/provider/movie_images_notifier.dart
DA:9,1
DA:12,2
DA:15,2
DA:18,2
DA:20,1
DA:21,1
DA:22,1
DA:24,3
DA:25,1
DA:26,1
DA:27,1
DA:28,2
DA:29,1
DA:31,1
DA:32,1
DA:33,1
DA:34,1
LF:17
LH:17
end_of_record
SF:lib/presentation/provider/popular_movies_notifier.dart
DA:9,1
DA:12,2
DA:15,2
DA:18,2
DA:20,1
DA:21,1
DA:22,1
DA:24,3
DA:26,1
DA:27,1
DA:28,2
DA:29,1
DA:30,1
DA:32,1
DA:33,1
DA:34,1
DA:35,1
LF:17
LH:17
end_of_record
SF:lib/presentation/provider/movie_list_notifier.dart
DA:10,2
DA:13,2
DA:16,2
DA:19,2
DA:22,2
DA:25,2
DA:28,2
DA:30,1
DA:40,1
DA:41,1
DA:42,1
DA:44,3
DA:45,1
DA:46,1
DA:47,1
DA:48,2
DA:49,1
DA:51,1
DA:52,1
DA:53,1
DA:54,1
DA:59,1
DA:60,1
DA:61,1
DA:63,3
DA:64,1
DA:65,1
DA:66,1
DA:67,2
DA:68,1
DA:70,1
DA:71,1
DA:72,1
DA:73,1
DA:78,1
DA:79,1
DA:80,1
DA:82,3
DA:83,1
DA:84,1
DA:85,1
DA:86,2
DA:87,1
DA:89,1
DA:90,1
DA:91,1
DA:92,1
LF:47
LH:47
end_of_record
SF:lib/presentation/provider/tv_detail_notifier.dart
DA:21,1
DA:30,2
DA:33,2
DA:36,2
DA:39,2
DA:42,2
DA:45,2
DA:48,2
DA:50,1
DA:51,1
DA:52,1
DA:54,3
DA:55,3
DA:57,1
DA:58,1
DA:59,1
DA:60,2
DA:61,1
DA:63,1
DA:64,1
DA:65,1
DA:66,1
DA:67,1
DA:68,1
DA:69,1
DA:70,1
DA:71,2
DA:73,1
DA:74,1
DA:75,1
DA:78,1
DA:83,1
DA:84,3
DA:86,2
DA:87,1
DA:88,2
DA:90,1
DA:91,1
DA:95,3
DA:98,1
DA:99,3
DA:101,2
DA:102,0
DA:103,0
DA:105,1
DA:106,1
DA:110,3
DA:113,1
DA:114,3
DA:115,1
DA:116,1
LF:51
LH:49
end_of_record
SF:lib/presentation/provider/tv_images_notifier.dart
DA:9,1
DA:12,2
DA:15,2
DA:18,2
DA:20,1
DA:21,1
DA:22,1
DA:24,3
DA:25,1
DA:26,1
DA:27,1
DA:28,2
DA:29,1
DA:31,1
DA:32,1
DA:33,1
DA:34,1
LF:17
LH:17
end_of_record
SF:lib/presentation/provider/watchlist_tv_provider.dart
DA:9,1
DA:12,2
DA:15,2
DA:18,2
DA:20,1
DA:21,1
DA:22,1
DA:24,3
DA:25,1
DA:26,1
DA:27,1
DA:28,2
DA:29,1
DA:31,1
DA:32,1
DA:33,1
DA:34,1
LF:17
LH:17
end_of_record
SF:lib/presentation/provider/tv_search_notifier.dart
DA:9,1
DA:12,2
DA:15,2
DA:18,2
DA:20,1
DA:21,1
DA:22,1
DA:24,3
DA:25,1
DA:26,1
DA:27,1
DA:28,2
DA:29,1
DA:31,1
DA:32,1
DA:33,1
DA:34,1
LF:17
LH:17
end_of_record
SF:lib/presentation/provider/top_rated_tvs_notifier.dart
DA:9,1
DA:12,2
DA:15,2
DA:18,2
DA:20,1
DA:21,1
DA:22,1
DA:24,3
DA:25,1
DA:26,1
DA:27,1
DA:28,2
DA:29,1
DA:31,1
DA:32,1
DA:33,1
DA:34,1
LF:17
LH:17
end_of_record
SF:lib/presentation/provider/popular_tvs_notifier.dart
DA:9,1
DA:12,2
DA:15,2
DA:18,2
DA:20,1
DA:21,1
DA:22,1
DA:24,3
DA:25,1
DA:26,1
DA:27,1
DA:28,2
DA:29,1
DA:31,1
DA:32,1
DA:33,1
DA:34,1
LF:17
LH:17
end_of_record
SF:lib/presentation/provider/movie_search_notifier.dart
DA:9,1
DA:12,2
DA:15,2
DA:18,2
DA:20,1
DA:21,1
DA:22,1
DA:24,3
DA:25,1
DA:26,1
DA:27,2
DA:28,1
DA:29,1
DA:31,1
DA:32,1
DA:33,1
DA:34,1
LF:17
LH:17
end_of_record
SF:lib/presentation/provider/top_rated_movies_notifier.dart
DA:9,1
DA:12,2
DA:15,2
DA:18,2
DA:20,1
DA:21,1
DA:22,1
DA:24,3
DA:26,1
DA:27,1
DA:28,2
DA:29,1
DA:30,1
DA:32,1
DA:33,1
DA:34,1
DA:35,1
LF:17
LH:17
end_of_record
SF:lib/presentation/pages/top_rated_movies_page.dart
DA:11,1
DA:12,1
DA:16,1
DA:18,1
DA:19,2
DA:20,2
DA:21,1
DA:24,1
DA:26,1
DA:28,1
DA:29,1
DA:30,1
DA:33,1
DA:35,1
DA:36,1
DA:37,2
DA:38,1
DA:39,1
DA:41,2
DA:42,1
DA:44,1
DA:45,1
DA:46,0
DA:47,0
DA:48,0
DA:53,2
DA:57,1
DA:58,1
DA:59,2
LF:29
LH:26
end_of_record
SF:lib/common/constants.dart
DA:10,4
DA:11,2
DA:12,0
DA:14,0
DA:16,0
DA:20,0
LF:6
LH:2
end_of_record
SF:lib/presentation/pages/movie_detail_page.dart
DA:19,1
DA:21,1
DA:22,1
DA:26,1
DA:28,1
DA:29,2
DA:30,2
DA:31,3
DA:32,2
DA:33,3
DA:37,1
DA:39,1
DA:40,1
DA:41,1
DA:42,2
DA:43,0
DA:44,2
DA:45,1
DA:46,1
DA:48,1
DA:49,1
DA:52,0
DA:64,1
DA:70,1
DA:72,1
DA:73,1
DA:74,1
DA:77,1
DA:78,1
DA:79,1
DA:80,1
DA:81,1
DA:82,1
DA:85,1
DA:91,1
DA:92,1
DA:93,3
DA:97,1
DA:98,3
DA:99,3
DA:106,1
DA:107,1
DA:109,1
DA:110,1
DA:111,1
DA:112,1
DA:114,1
DA:115,1
DA:116,2
DA:117,2
DA:122,1
DA:123,1
DA:124,1
DA:125,1
DA:126,1
DA:130,1
DA:131,1
DA:132,1
DA:134,1
DA:135,4
DA:136,1
DA:142,1
DA:143,1
DA:144,1
DA:145,1
DA:150,1
DA:151,1
DA:152,4
DA:153,1
DA:159,1
DA:160,1
DA:161,3
DA:162,1
DA:170,1
DA:171,1
DA:172,3
DA:173,1
DA:182,1
DA:183,1
DA:184,1
DA:185,1
DA:186,2
DA:188,2
DA:190,0
DA:192,0
DA:195,1
DA:197,1
DA:199,1
DA:201,1
DA:204,1
DA:205,3
DA:207,1
DA:209,1
DA:210,1
DA:211,1
DA:217,1
DA:219,1
DA:220,1
DA:221,1
DA:222,1
DA:223,1
DA:224,1
DA:225,1
DA:228,1
DA:229,1
DA:236,1
DA:238,2
DA:239,1
DA:240,3
DA:245,1
DA:246,1
DA:247,2
DA:248,1
DA:254,1
DA:255,1
DA:256,4
DA:257,1
DA:269,1
DA:270,1
DA:271,1
DA:272,1
DA:274,1
DA:275,1
DA:276,1
DA:277,1
DA:287,1
DA:288,1
DA:289,1
DA:295,1
DA:297,2
DA:298,3
DA:301,1
DA:305,3
DA:308,1
DA:309,1
DA:310,1
DA:312,1
DA:313,1
DA:315,0
DA:319,1
DA:320,1
DA:321,1
DA:322,2
DA:323,1
DA:324,1
DA:325,0
DA:326,0
DA:327,0
DA:329,0
DA:330,0
DA:331,0
DA:332,0
DA:333,0
DA:334,0
DA:335,0
DA:336,0
DA:340,0
DA:341,0
DA:348,0
DA:349,0
DA:350,0
DA:351,0
DA:352,0
DA:353,0
DA:356,0
DA:358,0
DA:361,0
DA:362,0
DA:364,0
DA:372,2
DA:374,1
DA:379,3
DA:384,0
DA:385,0
DA:387,0
DA:388,0
LF:176
LH:143
end_of_record
SF:lib/presentation/widgets/minimal_detail.dart
DA:15,0
DA:20,0
DA:22,0
DA:24,0
DA:26,0
DA:27,0
DA:28,0
DA:29,0
DA:30,0
DA:32,0
DA:33,0
DA:35,0
DA:36,0
DA:37,0
DA:38,0
DA:39,0
DA:40,0
DA:41,0
DA:43,0
DA:44,0
DA:46,0
DA:50,0
DA:51,0
DA:53,0
DA:55,0
DA:56,0
DA:58,0
DA:59,0
DA:61,0
DA:62,0
DA:63,0
DA:64,0
DA:65,0
DA:71,0
DA:72,0
DA:73,0
DA:76,0
DA:77,0
DA:78,0
DA:80,0
DA:85,0
DA:86,0
DA:88,0
DA:91,0
DA:99,0
DA:100,0
DA:101,0
DA:102,0
DA:103,0
DA:107,0
DA:109,0
DA:111,0
DA:112,0
DA:113,0
DA:115,0
DA:116,0
DA:121,0
DA:122,0
DA:123,0
DA:124,0
DA:125,0
DA:129,0
DA:130,0
DA:131,0
DA:132,0
DA:133,0
DA:134,0
DA:146,0
DA:150,0
DA:151,0
DA:152,0
DA:153,0
DA:154,0
DA:155,0
DA:158,0
DA:161,0
DA:164,0
DA:168,0
DA:170,0
DA:171,0
DA:172,0
DA:173,0
DA:174,0
DA:175,0
DA:178,0
DA:181,0
DA:183,0
LF:87
LH:0
end_of_record
SF:lib/presentation/widgets/item_card_list.dart
DA:16,0
DA:22,0
DA:24,0
DA:25,0
DA:26,0
DA:27,0
DA:30,0
DA:33,0
DA:36,0
DA:40,0
DA:41,0
DA:42,0
DA:43,0
DA:44,0
DA:45,0
DA:47,0
DA:48,0
DA:49,0
DA:50,0
DA:51,0
DA:52,0
DA:53,0
DA:54,0
DA:55,0
DA:56,0
DA:58,0
DA:59,0
DA:61,0
DA:65,0
DA:66,0
DA:68,0
DA:70,0
DA:71,0
DA:72,0
DA:73,0
DA:74,0
DA:76,0
DA:79,0
DA:80,0
DA:81,0
DA:82,0
DA:83,0
DA:87,0
DA:89,0
DA:91,0
DA:92,0
DA:93,0
DA:95,0
DA:96,0
DA:101,0
DA:102,0
DA:103,0
DA:104,0
DA:105,0
DA:109,0
DA:110,0
DA:111,0
DA:112,0
DA:113,0
LF:59
LH:0
end_of_record
SF:lib/presentation/pages/tv_detail_page.dart
DA:21,1
DA:23,1
DA:24,1
DA:28,1
DA:30,1
DA:31,2
DA:32,2
DA:33,3
DA:34,2
DA:35,3
DA:36,2
DA:37,3
DA:41,1
DA:43,1
DA:44,1
DA:45,1
DA:46,2
DA:47,0
DA:48,2
DA:49,1
DA:50,1
DA:52,1
DA:53,1
DA:54,1
DA:57,0
DA:70,1
DA:77,1
DA:78,1
DA:88,1
DA:90,1
DA:91,2
DA:92,4
DA:93,2
DA:97,1
DA:99,1
DA:100,1
DA:101,1
DA:104,1
DA:105,1
DA:106,1
DA:107,1
DA:108,1
DA:111,1
DA:117,1
DA:118,1
DA:119,3
DA:123,1
DA:124,3
DA:125,4
DA:132,1
DA:133,1
DA:135,1
DA:136,1
DA:137,1
DA:138,1
DA:140,1
DA:141,1
DA:142,3
DA:143,2
DA:148,1
DA:149,1
DA:150,1
DA:151,1
DA:152,1
DA:156,1
DA:157,1
DA:158,1
DA:160,1
DA:161,5
DA:162,1
DA:168,1
DA:169,1
DA:170,1
DA:171,1
DA:176,1
DA:177,1
DA:178,5
DA:179,1
DA:185,1
DA:186,1
DA:187,4
DA:188,1
DA:196,1
DA:197,1
DA:198,4
DA:199,1
DA:206,1
DA:207,1
DA:208,5
DA:209,1
DA:218,1
DA:219,1
DA:220,1
DA:221,2
DA:222,2
DA:224,3
DA:226,0
DA:228,0
DA:232,1
DA:233,1
DA:235,1
DA:237,1
DA:239,1
DA:240,3
DA:242,1
DA:244,1
DA:245,1
DA:246,1
DA:252,1
DA:254,1
DA:255,2
DA:256,1
DA:257,1
DA:258,1
DA:259,1
DA:260,2
DA:263,1
DA:264,2
DA:271,1
DA:272,2
DA:273,1
DA:275,1
DA:276,3
DA:281,1
DA:282,1
DA:283,3
DA:284,1
DA:290,1
DA:291,1
DA:292,5
DA:293,1
DA:305,1
DA:306,1
DA:307,1
DA:308,1
DA:309,1
DA:310,1
DA:311,1
DA:312,1
DA:313,1
DA:314,1
DA:321,1
DA:322,2
DA:323,2
DA:329,2
DA:330,2
DA:331,0
DA:332,0
DA:333,0
DA:338,2
DA:339,1
DA:340,1
DA:341,1
DA:342,1
DA:343,1
DA:344,1
DA:345,1
DA:346,1
DA:347,1
DA:349,1
DA:350,1
DA:352,1
DA:353,0
DA:354,0
DA:355,0
DA:358,0
DA:361,0
DA:362,0
DA:363,0
DA:366,1
DA:367,3
DA:369,1
DA:370,1
DA:371,1
DA:374,1
DA:375,1
DA:376,1
DA:387,0
DA:389,2
DA:390,2
DA:391,0
DA:392,0
DA:393,0
DA:398,2
DA:399,1
DA:400,1
DA:401,1
DA:403,0
DA:404,0
DA:405,0
DA:412,1
DA:414,2
DA:415,3
DA:418,1
DA:422,3
DA:425,1
DA:426,1
DA:427,1
DA:429,1
DA:430,1
DA:432,0
DA:436,0
DA:437,0
DA:438,0
DA:439,0
DA:440,0
DA:441,0
DA:442,0
DA:443,0
DA:444,0
DA:446,0
DA:447,0
DA:448,0
DA:449,0
DA:450,0
DA:451,0
DA:452,0
DA:453,0
DA:457,0
DA:458,0
DA:465,0
DA:466,0
DA:467,0
DA:468,0
DA:469,0
DA:470,0
DA:473,0
DA:475,0
DA:478,0
DA:479,0
DA:481,0
DA:489,0
DA:491,0
DA:496,0
DA:501,0
DA:502,0
DA:504,0
DA:505,0
DA:512,1
DA:513,1
DA:514,1
DA:515,2
DA:516,2
DA:517,1
DA:518,1
DA:519,1
DA:521,1
DA:525,0
DA:526,0
DA:527,0
DA:528,0
DA:529,0
DA:531,0
DA:532,0
DA:533,0
DA:534,0
DA:536,0
DA:537,0
DA:538,0
DA:539,0
DA:540,0
DA:541,0
DA:542,0
DA:544,0
DA:546,0
DA:547,0
DA:548,0
DA:549,0
DA:550,0
DA:551,0
DA:555,0
DA:556,0
DA:558,0
DA:561,0
DA:562,0
DA:564,0
DA:565,0
DA:566,0
DA:572,0
DA:573,0
DA:574,0
DA:575,0
DA:577,0
DA:588,0
DA:589,0
DA:590,0
DA:591,0
DA:592,0
DA:604,0
DA:608,0
DA:609,0
DA:611,0
DA:612,0
LF:293
LH:188
end_of_record
SF:lib/presentation/pages/popular_tvs_page.dart
DA:11,1
DA:12,1
DA:16,1
DA:18,1
DA:19,2
DA:20,2
DA:21,1
DA:24,1
DA:26,1
DA:28,1
DA:29,1
DA:30,1
DA:33,1
DA:35,1
DA:36,1
DA:37,2
DA:38,1
DA:39,1
DA:41,2
DA:42,1
DA:44,1
DA:45,1
DA:46,2
DA:47,0
DA:48,0
DA:49,0
DA:57,1
DA:58,1
DA:59,2
LF:29
LH:26
end_of_record
SF:lib/presentation/pages/popular_movies_page.dart
DA:11,1
DA:12,1
DA:16,1
DA:18,1
DA:19,2
DA:20,2
DA:21,1
DA:24,1
DA:26,1
DA:28,1
DA:29,1
DA:30,1
DA:33,1
DA:35,1
DA:36,1
DA:37,2
DA:38,1
DA:39,1
DA:41,2
DA:42,1
DA:44,1
DA:45,1
DA:46,0
DA:47,0
DA:48,0
DA:53,2
DA:57,1
DA:58,1
DA:59,2
LF:29
LH:26
end_of_record
SF:lib/presentation/pages/top_rated_tvs_page.dart
DA:11,1
DA:12,1
DA:16,1
DA:18,1
DA:19,2
DA:20,2
DA:21,1
DA:24,1
DA:26,1
DA:28,1
DA:29,1
DA:30,1
DA:33,1
DA:35,1
DA:36,1
DA:37,2
DA:38,1
DA:39,1
DA:41,2
DA:42,1
DA:44,1
DA:45,1
DA:46,2
DA:47,0
DA:48,0
DA:49,0
DA:57,1
DA:58,1
DA:59,2
LF:29
LH:26
end_of_record
